<?xml version="1.0" encoding="UTF-8"?>
<!-- Generated by org.testng.reporters.JUnitXMLReporter -->
<testsuite ignored="0" hostname="DESKTOP-OJM2MG8" failures="0" tests="4" name="Surefire test" time="25.145" errors="0" timestamp="2023-12-06T12:52:07 CET">
  <testcase classname="tests.FourTest" name="testFour" time="6.631"/>
  <testcase classname="tests.LoginTest" name="login" time="5.193"/>
  <testcase classname="tests.ThreeTest" name="testThree" time="4.802"/>
  <testcase classname="tests.TwoTest" name="testTwo" time="4.981"/>
</testsuite> <!-- Surefire test -->
