<?xml version="1.0" encoding="UTF-8"?>
<!-- Generated by org.testng.reporters.JUnitXMLReporter -->
<testsuite ignored="0" hostname="DESKTOP-OJM2MG8" failures="0" tests="4" name="Test" time="19.9" errors="0" timestamp="2023-12-04T17:05:10 CET">
  <testcase classname="tests.TwoTest" name="testTwo" time="6.147"/>
  <testcase classname="tests.LoginTest" name="login" time="5.209"/>
  <testcase classname="tests.ThreeTest" name="testThree" time="4.985"/>
  <testcase classname="tests.FourTest" name="fourTest" time="0.002"/>
</testsuite> <!-- Test -->
