<?xml version="1.0" encoding="UTF-8"?>
<testng-results ignored="0" total="4" passed="4" failed="0" skipped="0">
  <reporter-output>
  </reporter-output>
  <suite started-at="2023-12-06T12:51:42 CET" name="Surefire suite" finished-at="2023-12-06T12:52:07 CET" duration-ms="25145">
    <groups>
    </groups>
    <test started-at="2023-12-06T12:51:42 CET" name="Surefire test" finished-at="2023-12-06T12:52:07 CET" duration-ms="25145">
      <class name="tests.LoginTest">
        <test-method is-config="true" signature="openApplication()[pri:0, instance:tests.LoginTest@2d9d4f9d]" started-at="2023-12-06T12:51:49 CET" name="openApplication" finished-at="2023-12-06T12:51:52 CET" duration-ms="3353" status="PASS">
          <reporter-output>
          </reporter-output>
        </test-method> <!-- openApplication -->
        <test-method signature="login(java.lang.String,java.lang.String,java.lang.String)[pri:0, instance:tests.LoginTest@2d9d4f9d]" started-at="2023-12-06T12:51:52 CET" name="login" data-provider="getLoginData" finished-at="2023-12-06T12:51:58 CET" duration-ms="5193" status="PASS">
          <params>
            <param index="0">
              <value>
                <![CDATA[pera123@gmail.com]]>
              </value>
            </param>
            <param index="1">
              <value>
                <![CDATA[pera123]]>
              </value>
            </param>
            <param index="2">
              <value>
                <![CDATA[Successful]]>
              </value>
            </param>
          </params>
          <reporter-output>
          </reporter-output>
        </test-method> <!-- login -->
        <test-method is-config="true" signature="tearDown()[pri:0, instance:tests.LoginTest@2d9d4f9d]" started-at="2023-12-06T12:51:58 CET" name="tearDown" finished-at="2023-12-06T12:51:58 CET" duration-ms="57" status="PASS">
          <reporter-output>
          </reporter-output>
        </test-method> <!-- tearDown -->
      </class> <!-- tests.LoginTest -->
      <class name="tests.FourTest">
        <test-method signature="testFour()[pri:0, instance:tests.FourTest@36f0f1be]" started-at="2023-12-06T12:51:42 CET" name="testFour" finished-at="2023-12-06T12:51:49 CET" duration-ms="6631" status="PASS">
          <reporter-output>
          </reporter-output>
        </test-method> <!-- testFour -->
        <test-method is-config="true" signature="closingBrowser()[pri:0, instance:tests.FourTest@36f0f1be]" started-at="2023-12-06T12:51:49 CET" name="closingBrowser" finished-at="2023-12-06T12:51:49 CET" duration-ms="82" status="PASS">
          <reporter-output>
          </reporter-output>
        </test-method> <!-- closingBrowser -->
      </class> <!-- tests.FourTest -->
      <class name="tests.ThreeTest">
        <test-method signature="testThree()[pri:0, instance:tests.ThreeTest@4034c28c]" started-at="2023-12-06T12:51:58 CET" name="testThree" finished-at="2023-12-06T12:52:03 CET" duration-ms="4802" status="PASS">
          <reporter-output>
          </reporter-output>
        </test-method> <!-- testThree -->
      </class> <!-- tests.ThreeTest -->
      <class name="tests.TwoTest">
        <test-method signature="testTwo()[pri:0, instance:tests.TwoTest@e50a6f6]" started-at="2023-12-06T12:52:03 CET" name="testTwo" finished-at="2023-12-06T12:52:07 CET" duration-ms="4981" status="PASS">
          <reporter-output>
          </reporter-output>
        </test-method> <!-- testTwo -->
      </class> <!-- tests.TwoTest -->
    </test> <!-- Surefire test -->
  </suite> <!-- Surefire suite -->
</testng-results>
