<?xml version="1.0" encoding="UTF-8"?>
<testng-results ignored="0" total="4" passed="4" failed="0" skipped="0">
  <reporter-output>
  </reporter-output>
  <suite started-at="2023-12-06T13:14:19 CET" name="Suite" finished-at="2023-12-06T13:14:30 CET" duration-ms="10317">
    <groups>
    </groups>
    <test started-at="2023-12-06T13:14:19 CET" name="TwoTest" finished-at="2023-12-06T13:14:26 CET" duration-ms="7000">
      <class name="tests.TwoTest">
        <test-method signature="testTwo()[pri:0, instance:tests.TwoTest@3e62d773]" started-at="2023-12-06T13:14:19 CET" name="testTwo" finished-at="2023-12-06T13:14:26 CET" duration-ms="6953" status="PASS">
          <reporter-output>
          </reporter-output>
        </test-method> <!-- testTwo -->
      </class> <!-- tests.TwoTest -->
    </test> <!-- TwoTest -->
    <test started-at="2023-12-06T13:14:19 CET" name="TestThree" finished-at="2023-12-06T13:14:26 CET" duration-ms="7048">
      <class name="tests.ThreeTest">
        <test-method signature="testThree()[pri:0, instance:tests.ThreeTest@4bff7da0]" started-at="2023-12-06T13:14:19 CET" name="testThree" finished-at="2023-12-06T13:14:26 CET" duration-ms="7006" status="PASS">
          <reporter-output>
          </reporter-output>
        </test-method> <!-- testThree -->
      </class> <!-- tests.ThreeTest -->
    </test> <!-- TestThree -->
    <test started-at="2023-12-06T13:14:19 CET" name="TestFour" finished-at="2023-12-06T13:14:27 CET" duration-ms="7320">
      <class name="tests.FourTest">
        <test-method signature="testFour()[pri:0, instance:tests.FourTest@3e0e1046]" started-at="2023-12-06T13:14:19 CET" name="testFour" finished-at="2023-12-06T13:14:27 CET" duration-ms="7191" status="PASS">
          <reporter-output>
          </reporter-output>
        </test-method> <!-- testFour -->
        <test-method is-config="true" signature="closingBrowser()[pri:0, instance:tests.FourTest@3e0e1046]" started-at="2023-12-06T13:14:27 CET" name="closingBrowser" finished-at="2023-12-06T13:14:27 CET" duration-ms="88" status="PASS">
          <reporter-output>
          </reporter-output>
        </test-method> <!-- closingBrowser -->
      </class> <!-- tests.FourTest -->
    </test> <!-- TestFour -->
    <test started-at="2023-12-06T13:14:19 CET" name="LoginTest" finished-at="2023-12-06T13:14:30 CET" duration-ms="10317">
      <class name="tests.LoginTest">
        <test-method is-config="true" signature="openApplication()[pri:0, instance:tests.LoginTest@389b0789]" started-at="2023-12-06T13:14:19 CET" name="openApplication" finished-at="2023-12-06T13:14:24 CET" duration-ms="4929" status="PASS">
          <reporter-output>
          </reporter-output>
        </test-method> <!-- openApplication -->
        <test-method signature="login(java.lang.String,java.lang.String,java.lang.String)[pri:0, instance:tests.LoginTest@389b0789]" started-at="2023-12-06T13:14:24 CET" name="login" data-provider="getLoginData" finished-at="2023-12-06T13:14:30 CET" duration-ms="5289" status="PASS">
          <params>
            <param index="0">
              <value>
                <![CDATA[pera123@gmail.com]]>
              </value>
            </param>
            <param index="1">
              <value>
                <![CDATA[pera123]]>
              </value>
            </param>
            <param index="2">
              <value>
                <![CDATA[Successful]]>
              </value>
            </param>
          </params>
          <reporter-output>
          </reporter-output>
        </test-method> <!-- login -->
        <test-method is-config="true" signature="tearDown()[pri:0, instance:tests.LoginTest@389b0789]" started-at="2023-12-06T13:14:30 CET" name="tearDown" finished-at="2023-12-06T13:14:30 CET" duration-ms="58" status="PASS">
          <reporter-output>
          </reporter-output>
        </test-method> <!-- tearDown -->
      </class> <!-- tests.LoginTest -->
    </test> <!-- LoginTest -->
  </suite> <!-- Suite -->
</testng-results>
